[debug] [2023-10-25T21:55:30.714Z] ----------------------------------------------------------------------
[debug] [2023-10-25T21:55:30.715Z] Command:       /opt/homebrew/Cellar/node/20.8.0/bin/node /opt/homebrew/bin/firebase init
[debug] [2023-10-25T21:55:30.716Z] CLI Version:   12.7.0
[debug] [2023-10-25T21:55:30.716Z] Platform:      darwin
[debug] [2023-10-25T21:55:30.716Z] Node Version:  v20.8.0
[debug] [2023-10-25T21:55:30.716Z] Time:          Wed Oct 25 2023 17:55:30 GMT-0400 (Eastern Daylight Saving Time)
[debug] [2023-10-25T21:55:30.716Z] ----------------------------------------------------------------------
[debug] 
[debug] [2023-10-25T21:55:30.752Z] > command requires scopes: ["email","openid","https://www.googleapis.com/auth/cloudplatformprojects.readonly","https://www.googleapis.com/auth/firebase","https://www.googleapis.com/auth/cloud-platform"]
[debug] [2023-10-25T21:55:30.752Z] > authorizing via signed-in user (krisbachan123@gmail.com)
[info] 
     ######## #### ########  ######## ########     ###     ######  ########
     ##        ##  ##     ## ##       ##     ##  ##   ##  ##       ##
     ######    ##  ########  ######   ########  #########  ######  ######
     ##        ##  ##    ##  ##       ##     ## ##     ##       ## ##
     ##       #### ##     ## ######## ########  ##     ##  ######  ########

You're about to initialize a Firebase project in this directory:

  /Users/krisbachan/Desktop/Portfolio/tweeter

Before we get started, keep in mind:

  * You are initializing within an existing Firebase project directory

[info] 
=== Project Setup
[info] 
[info] First, let's associate this project directory with a Firebase project.
[info] You can create multiple project aliases by running firebase use --add, 
[info] but for now we'll just set up a default project.
[info] 
[debug] [2023-10-25T21:55:36.064Z] Using project from CLI flag: tweeter-1777c
[debug] [2023-10-25T21:55:36.066Z] >>> [apiv2][query] GET https://firebase.googleapis.com/v1beta1/projects/tweeter-1777c [none]
[debug] [2023-10-25T21:55:36.411Z] <<< [apiv2][status] GET https://firebase.googleapis.com/v1beta1/projects/tweeter-1777c 200
[debug] [2023-10-25T21:55:36.411Z] <<< [apiv2][body] GET https://firebase.googleapis.com/v1beta1/projects/tweeter-1777c {"projectId":"tweeter-1777c","projectNumber":"424978238200","displayName":"tweeter","name":"projects/tweeter-1777c","resources":{"hostingSite":"tweeter-1777c"},"state":"ACTIVE","etag":"1_415acc11-1ced-40ed-a52f-d9b9144d03b1"}
[info] i  Using project tweeter-1777c (tweeter) 
[info] 
=== Hosting Setup
